{"D:\\IMP- DATA\\Download\\Coffe Website\\test\\test.script.js": {"path":"D:\\IMP- DATA\\Download\\Coffe Website\\test\\test.script.js","statementMap":{"0":{"start":{"line":1,"column":19},"end":{"line":1,"column":34}},"1":{"start":{"line":2,"column":14},"end":{"line":2,"column":30}},"2":{"start":{"line":3,"column":18},"end":{"line":3,"column":23}},"3":{"start":{"line":6,"column":12},"end":{"line":28,"column":2}},"4":{"start":{"line":31,"column":0},"end":{"line":31,"column":27}},"5":{"start":{"line":32,"column":0},"end":{"line":32,"column":38}},"6":{"start":{"line":33,"column":0},"end":{"line":35,"column":2}},"7":{"start":{"line":38,"column":0},"end":{"line":46,"column":2}},"8":{"start":{"line":39,"column":16},"end":{"line":39,"column":18}},"9":{"start":{"line":40,"column":4},"end":{"line":45,"column":6}},"10":{"start":{"line":42,"column":12},"end":{"line":42,"column":46}},"11":{"start":{"line":44,"column":24},"end":{"line":44,"column":29}},"12":{"start":{"line":49,"column":15},"end":{"line":49,"column":81}},"13":{"start":{"line":51,"column":0},"end":{"line":102,"column":3}},"14":{"start":{"line":52,"column":4},"end":{"line":67,"column":7}},"15":{"start":{"line":54,"column":8},"end":{"line":54,"column":32}},"16":{"start":{"line":55,"column":8},"end":{"line":55,"column":57}},"17":{"start":{"line":58,"column":8},"end":{"line":66,"column":11}},"18":{"start":{"line":59,"column":12},"end":{"line":65,"column":13}},"19":{"start":{"line":60,"column":31},"end":{"line":60,"column":63}},"20":{"start":{"line":62,"column":16},"end":{"line":62,"column":23}},"21":{"start":{"line":64,"column":16},"end":{"line":64,"column":28}},"22":{"start":{"line":69,"column":4},"end":{"line":84,"column":7}},"23":{"start":{"line":71,"column":8},"end":{"line":71,"column":31}},"24":{"start":{"line":72,"column":8},"end":{"line":72,"column":57}},"25":{"start":{"line":75,"column":8},"end":{"line":83,"column":11}},"26":{"start":{"line":76,"column":12},"end":{"line":82,"column":13}},"27":{"start":{"line":77,"column":36},"end":{"line":77,"column":75}},"28":{"start":{"line":78,"column":16},"end":{"line":78,"column":89}},"29":{"start":{"line":79,"column":16},"end":{"line":79,"column":23}},"30":{"start":{"line":81,"column":16},"end":{"line":81,"column":28}},"31":{"start":{"line":86,"column":4},"end":{"line":101,"column":7}},"32":{"start":{"line":88,"column":8},"end":{"line":88,"column":33}},"33":{"start":{"line":89,"column":8},"end":{"line":89,"column":57}},"34":{"start":{"line":92,"column":8},"end":{"line":100,"column":11}},"35":{"start":{"line":93,"column":12},"end":{"line":99,"column":13}},"36":{"start":{"line":94,"column":36},"end":{"line":94,"column":75}},"37":{"start":{"line":96,"column":16},"end":{"line":96,"column":23}},"38":{"start":{"line":98,"column":16},"end":{"line":98,"column":28}},"39":{"start":{"line":104,"column":0},"end":{"line":122,"column":3}},"40":{"start":{"line":105,"column":4},"end":{"line":121,"column":7}},"41":{"start":{"line":106,"column":23},"end":{"line":106,"column":56}},"42":{"start":{"line":109,"column":8},"end":{"line":109,"column":31}},"43":{"start":{"line":110,"column":8},"end":{"line":110,"column":57}},"44":{"start":{"line":113,"column":8},"end":{"line":120,"column":11}},"45":{"start":{"line":114,"column":12},"end":{"line":119,"column":13}},"46":{"start":{"line":115,"column":16},"end":{"line":115,"column":79}},"47":{"start":{"line":116,"column":16},"end":{"line":116,"column":23}},"48":{"start":{"line":118,"column":16},"end":{"line":118,"column":28}}},"fnMap":{"0":{"name":"(anonymous_0)","decl":{"start":{"line":38,"column":22},"end":{"line":38,"column":23}},"loc":{"start":{"line":38,"column":33},"end":{"line":46,"column":1}},"line":38},"1":{"name":"(anonymous_1)","decl":{"start":{"line":41,"column":16},"end":{"line":41,"column":17}},"loc":{"start":{"line":41,"column":44},"end":{"line":43,"column":9}},"line":41},"2":{"name":"(anonymous_2)","decl":{"start":{"line":44,"column":18},"end":{"line":44,"column":19}},"loc":{"start":{"line":44,"column":24},"end":{"line":44,"column":29}},"line":44},"3":{"name":"(anonymous_3)","decl":{"start":{"line":51,"column":30},"end":{"line":51,"column":31}},"loc":{"start":{"line":51,"column":41},"end":{"line":102,"column":1}},"line":51},"4":{"name":"(anonymous_4)","decl":{"start":{"line":52,"column":86},"end":{"line":52,"column":87}},"loc":{"start":{"line":52,"column":101},"end":{"line":67,"column":5}},"line":52},"5":{"name":"(anonymous_5)","decl":{"start":{"line":58,"column":21},"end":{"line":58,"column":22}},"loc":{"start":{"line":58,"column":27},"end":{"line":66,"column":9}},"line":58},"6":{"name":"(anonymous_6)","decl":{"start":{"line":69,"column":64},"end":{"line":69,"column":65}},"loc":{"start":{"line":69,"column":79},"end":{"line":84,"column":5}},"line":69},"7":{"name":"(anonymous_7)","decl":{"start":{"line":75,"column":21},"end":{"line":75,"column":22}},"loc":{"start":{"line":75,"column":27},"end":{"line":83,"column":9}},"line":75},"8":{"name":"(anonymous_8)","decl":{"start":{"line":86,"column":78},"end":{"line":86,"column":79}},"loc":{"start":{"line":86,"column":93},"end":{"line":101,"column":5}},"line":86},"9":{"name":"(anonymous_9)","decl":{"start":{"line":92,"column":21},"end":{"line":92,"column":22}},"loc":{"start":{"line":92,"column":27},"end":{"line":100,"column":9}},"line":92},"10":{"name":"(anonymous_10)","decl":{"start":{"line":104,"column":46},"end":{"line":104,"column":47}},"loc":{"start":{"line":104,"column":57},"end":{"line":122,"column":1}},"line":104},"11":{"name":"(anonymous_11)","decl":{"start":{"line":105,"column":98},"end":{"line":105,"column":99}},"loc":{"start":{"line":105,"column":113},"end":{"line":121,"column":5}},"line":105},"12":{"name":"(anonymous_12)","decl":{"start":{"line":113,"column":21},"end":{"line":113,"column":22}},"loc":{"start":{"line":113,"column":27},"end":{"line":120,"column":9}},"line":113}},"branchMap":{},"s":{"0":1,"1":1,"2":1,"3":1,"4":1,"5":1,"6":1,"7":1,"8":0,"9":0,"10":0,"11":0,"12":1,"13":1,"14":1,"15":1,"16":1,"17":1,"18":1,"19":1,"20":1,"21":0,"22":1,"23":1,"24":1,"25":1,"26":1,"27":1,"28":1,"29":1,"30":0,"31":1,"32":1,"33":1,"34":1,"35":1,"36":1,"37":1,"38":0,"39":1,"40":1,"41":1,"42":1,"43":1,"44":1,"45":1,"46":1,"47":1,"48":0},"f":{"0":0,"1":0,"2":0,"3":1,"4":1,"5":1,"6":1,"7":1,"8":1,"9":1,"10":1,"11":1,"12":1},"b":{},"_coverageSchema":"1a1c01bbd47fc00a2c39e90264f33305004495a9","hash":"b99348b3f3f22256640e434b0c40c45d895c554c"}
}
