TN:
SF:test\test.script.js
FN:38,(anonymous_0)
FN:41,(anonymous_1)
FN:44,(anonymous_2)
FN:51,(anonymous_3)
FN:52,(anonymous_4)
FN:58,(anonymous_5)
FN:69,(anonymous_6)
FN:75,(anonymous_7)
FN:86,(anonymous_8)
FN:92,(anonymous_9)
FN:104,(anonymous_10)
FN:105,(anonymous_11)
FN:113,(anonymous_12)
FNF:13
FNH:10
FNDA:0,(anonymous_0)
FNDA:0,(anonymous_1)
FNDA:0,(anonymous_2)
FNDA:1,(anonymous_3)
FNDA:1,(anonymous_4)
FNDA:1,(anonymous_5)
FNDA:1,(anonymous_6)
FNDA:1,(anonymous_7)
FNDA:1,(anonymous_8)
FNDA:1,(anonymous_9)
FNDA:1,(anonymous_10)
FNDA:1,(anonymous_11)
FNDA:1,(anonymous_12)
DA:1,1
DA:2,1
DA:3,1
DA:6,1
DA:31,1
DA:32,1
DA:33,1
DA:38,1
DA:39,0
DA:40,0
DA:42,0
DA:44,0
DA:49,1
DA:51,1
DA:52,1
DA:54,1
DA:55,1
DA:58,1
DA:59,1
DA:60,1
DA:62,1
DA:64,0
DA:69,1
DA:71,1
DA:72,1
DA:75,1
DA:76,1
DA:77,1
DA:78,1
DA:79,1
DA:81,0
DA:86,1
DA:88,1
DA:89,1
DA:92,1
DA:93,1
DA:94,1
DA:96,1
DA:98,0
DA:104,1
DA:105,1
DA:106,1
DA:109,1
DA:110,1
DA:113,1
DA:114,1
DA:115,1
DA:116,1
DA:118,0
LF:49
LH:41
BRF:0
BRH:0
end_of_record
